Using pre-set license
Built from '2022.3/staging' branch; Version is '2022.3.7f1 (b16b3b16c7a0) revision 11627323'; Using compiler version '192829333'; Build Type 'Release'
OS: 'Windows 10  (10.0.19045) 64bit Professional' Language: 'ru' Physical Memory: 16225 MB
BatchMode: 1, IsHumanControllingUs: 0, StartBugReporterOnCrash: 0, Is64bit: 1, IsPro: 1

COMMAND LINE ARGUMENTS:
C:\Program Files\Unity\Hub\Editor\2022.3.7f1\Editor\Unity.exe
-adb2
-batchMode
-noUpm
-name
AssetImportWorker5
-projectPath
D:/BSA
-logFile
Logs/AssetImportWorker5.log
-srvPort
50004
Successfully changed project path to: D:/BSA
D:/BSA
[UnityMemory] Configuration Parameters - Can be set up in boot.config
    "memorysetup-bucket-allocator-granularity=16"
    "memorysetup-bucket-allocator-bucket-count=8"
    "memorysetup-bucket-allocator-block-size=33554432"
    "memorysetup-bucket-allocator-block-count=8"
    "memorysetup-main-allocator-block-size=16777216"
    "memorysetup-thread-allocator-block-size=16777216"
    "memorysetup-gfx-main-allocator-block-size=16777216"
    "memorysetup-gfx-thread-allocator-block-size=16777216"
    "memorysetup-cache-allocator-block-size=4194304"
    "memorysetup-typetree-allocator-block-size=2097152"
    "memorysetup-profiler-bucket-allocator-granularity=16"
    "memorysetup-profiler-bucket-allocator-bucket-count=8"
    "memorysetup-profiler-bucket-allocator-block-size=33554432"
    "memorysetup-profiler-bucket-allocator-block-count=8"
    "memorysetup-profiler-allocator-block-size=16777216"
    "memorysetup-profiler-editor-allocator-block-size=1048576"
    "memorysetup-temp-allocator-size-main=16777216"
    "memorysetup-job-temp-allocator-block-size=2097152"
    "memorysetup-job-temp-allocator-block-size-background=1048576"
    "memorysetup-job-temp-allocator-reduction-small-platforms=262144"
    "memorysetup-allocator-temp-initial-block-size-main=262144"
    "memorysetup-allocator-temp-initial-block-size-worker=262144"
    "memorysetup-temp-allocator-size-background-worker=32768"
    "memorysetup-temp-allocator-size-job-worker=262144"
    "memorysetup-temp-allocator-size-preload-manager=33554432"
    "memorysetup-temp-allocator-size-nav-mesh-worker=65536"
    "memorysetup-temp-allocator-size-audio-worker=65536"
    "memorysetup-temp-allocator-size-cloud-worker=32768"
    "memorysetup-temp-allocator-size-gi-baking-worker=262144"
    "memorysetup-temp-allocator-size-gfx=262144"
Player connection [23592] Host "[IP] 192.168.0.11 [Port] 0 [Flags] 2 [Guid] 3515194270 [EditorId] 3515194270 [Version] 1048832 [Id] WindowsEditor(7,DESKTOP-DBLQJ5R) [Debug] 1 [PackageName] WindowsEditor [ProjectName] Editor" joined multi-casting on [225.0.0.222:54997]...

Player connection [23592] Host "[IP] 192.168.0.11 [Port] 0 [Flags] 2 [Guid] 3515194270 [EditorId] 3515194270 [Version] 1048832 [Id] WindowsEditor(7,DESKTOP-DBLQJ5R) [Debug] 1 [PackageName] WindowsEditor [ProjectName] Editor" joined alternative multi-casting on [225.0.0.222:34997]...

Refreshing native plugins compatible for Editor in 11.18 ms, found 3 plugins.
Preloading 0 native plugins for Editor in 0.00 ms.
Initialize engine version: 2022.3.7f1 (b16b3b16c7a0)
[Subsystems] Discovering subsystems at path C:/Program Files/Unity/Hub/Editor/2022.3.7f1/Editor/Data/Resources/UnitySubsystems
[Subsystems] Discovering subsystems at path D:/BSA/Assets
GfxDevice: creating device client; threaded=0; jobified=0
Direct3D:
    Version:  Direct3D 11.0 [level 11.1]
    Renderer: NVIDIA GeForce GTX 1050 Ti (ID=0x1c82)
    Vendor:   NVIDIA
    VRAM:     4017 MB
    Driver:   31.0.15.4665
Initialize mono
Mono path[0] = 'C:/Program Files/Unity/Hub/Editor/2022.3.7f1/Editor/Data/Managed'
Mono path[1] = 'C:/Program Files/Unity/Hub/Editor/2022.3.7f1/Editor/Data/MonoBleedingEdge/lib/mono/unityjit-win32'
Mono config path = 'C:/Program Files/Unity/Hub/Editor/2022.3.7f1/Editor/Data/MonoBleedingEdge/etc'
Using monoOptions --debugger-agent=transport=dt_socket,embedding=1,server=y,suspend=n,address=127.0.0.1:56608
Begin MonoManager ReloadAssembly
Registering precompiled unity dll's ...
Register platform support module: C:/Program Files/Unity/Hub/Editor/2022.3.7f1/Editor/Data/PlaybackEngines/WebGLSupport/UnityEditor.WebGL.Extensions.dll
Register platform support module: C:/Program Files/Unity/Hub/Editor/2022.3.7f1/Editor/Data/PlaybackEngines/AndroidPlayer/UnityEditor.Android.Extensions.dll
Register platform support module: C:/Program Files/Unity/Hub/Editor/2022.3.7f1/Editor/Data/PlaybackEngines/iOSSupport/UnityEditor.iOS.Extensions.dll
Register platform support module: C:/Program Files/Unity/Hub/Editor/2022.3.7f1/Editor/Data/PlaybackEngines/WindowsStandaloneSupport/UnityEditor.WindowsStandalone.Extensions.dll
Registered in 0.020044 seconds.
- Loaded All Assemblies, in  0.547 seconds
Native extension for WindowsStandalone target not found
[usbmuxd] Start listen thread
[usbmuxd] Listen thread started
[usbmuxd] Send listen message
Native extension for iOS target not found
Native extension for Android target not found
Android Extension - Scanning For ADB Devices 295 ms
Native extension for WebGL target not found
Mono: successfully reloaded assembly
- Finished resetting the current domain, in  0.814 seconds
Domain Reload Profiling: 1358ms
	BeginReloadAssembly (160ms)
		ExecutionOrderSort (0ms)
		DisableScriptedObjects (0ms)
		BackupInstance (0ms)
		ReleaseScriptingObjects (0ms)
		CreateAndSetChildDomain (1ms)
	RebuildCommonClasses (48ms)
	RebuildNativeTypeToScriptingClass (17ms)
	initialDomainReloadingComplete (95ms)
	LoadAllAssembliesAndSetupDomain (224ms)
		LoadAssemblies (158ms)
		RebuildTransferFunctionScriptingTraits (0ms)
		AnalyzeDomain (219ms)
			TypeCache.Refresh (217ms)
				TypeCache.ScanAssembly (195ms)
			ScanForSourceGeneratedMonoScriptInfo (1ms)
			ResolveRequiredComponents (1ms)
	FinalizeReload (815ms)
		ReleaseScriptCaches (0ms)
		RebuildScriptCaches (0ms)
		SetupLoadedEditorAssemblies (716ms)
			LogAssemblyErrors (0ms)
			InitializePlatformSupportModulesInManaged (484ms)
			SetLoadedEditorAssemblies (6ms)
			RefreshPlugins (0ms)
			BeforeProcessingInitializeOnLoad (3ms)
			ProcessInitializeOnLoadAttributes (152ms)
			ProcessInitializeOnLoadMethodAttributes (70ms)
			AfterProcessingInitializeOnLoad (0ms)
			EditorAssembliesLoaded (0ms)
		ExecutionOrderSort2 (0ms)
		AwakeInstancesAfterBackupRestoration (0ms)
========================================================================
Worker process is ready to serve import requests
Begin MonoManager ReloadAssembly
Symbol file LoadedFromMemory doesn't match image D:\BSA\Library\PackageCache\com.unity.visualscripting@1.8.0\Editor\VisualScripting.Core\Dependencies\YamlDotNet\Unity.VisualScripting.YamlDotNet.dll
Symbol file LoadedFromMemory doesn't match image D:\BSA\Library\PackageCache\com.unity.visualscripting@1.8.0\Editor\VisualScripting.Core\Dependencies\DotNetZip\Unity.VisualScripting.IonicZip.dll
- Loaded All Assemblies, in  0.990 seconds
Refreshing native plugins compatible for Editor in 5.29 ms, found 3 plugins.
Native extension for WindowsStandalone target not found
Native extension for iOS target not found
Native extension for Android target not found
Native extension for WebGL target not found
Package Manager log level set to [2]
[Package Manager] Server::EnsureServerProcessIsRunning -- launch failed, reason: Unity was launched with the -noUpm command-line argument
[Package Manager] UpmClient::Send -- Unable to send message (not connected to UPM process).
[Package Manager] Cannot connect to Unity Package Manager local server
Mono: successfully reloaded assembly
- Finished resetting the current domain, in  0.958 seconds
Domain Reload Profiling: 1945ms
	BeginReloadAssembly (228ms)
		ExecutionOrderSort (0ms)
		DisableScriptedObjects (9ms)
		BackupInstance (0ms)
		ReleaseScriptingObjects (0ms)
		CreateAndSetChildDomain (32ms)
	RebuildCommonClasses (50ms)
	RebuildNativeTypeToScriptingClass (18ms)
	initialDomainReloadingComplete (65ms)
	LoadAllAssembliesAndSetupDomain (625ms)
		LoadAssemblies (439ms)
		RebuildTransferFunctionScriptingTraits (0ms)
		AnalyzeDomain (316ms)
			TypeCache.Refresh (275ms)
				TypeCache.ScanAssembly (245ms)
			ScanForSourceGeneratedMonoScriptInfo (30ms)
			ResolveRequiredComponents (10ms)
	FinalizeReload (959ms)
		ReleaseScriptCaches (0ms)
		RebuildScriptCaches (0ms)
		SetupLoadedEditorAssemblies (691ms)
			LogAssemblyErrors (0ms)
			InitializePlatformSupportModulesInManaged (55ms)
			SetLoadedEditorAssemblies (5ms)
			RefreshPlugins (0ms)
			BeforeProcessingInitializeOnLoad (91ms)
			ProcessInitializeOnLoadAttributes (498ms)
			ProcessInitializeOnLoadMethodAttributes (29ms)
			AfterProcessingInitializeOnLoad (13ms)
			EditorAssembliesLoaded (0ms)
		ExecutionOrderSort2 (0ms)
		AwakeInstancesAfterBackupRestoration (8ms)
Launched and connected shader compiler UnityShaderCompiler.exe after 0.04 seconds
Refreshing native plugins compatible for Editor in 4.47 ms, found 3 plugins.
Preloading 0 native plugins for Editor in 0.00 ms.
Unloading 3850 Unused Serialized files (Serialized files now loaded: 0)
Unloading 64 unused Assets / (175.6 KB). Loaded Objects now: 4327.
Memory consumption went from 161.3 MB to 161.1 MB.
Total: 4.696300 ms (FindLiveObjects: 0.445000 ms CreateObjectMapping: 0.276500 ms MarkObjects: 3.757900 ms  DeleteObjects: 0.215800 ms)

AssetImportParameters requested are different than current active one (requested -> active):
  custom:container-demuxer-ogg: 62fdf1f143b41e24485cea50d1cbac27 -> 
  custom:video-decoder-ogg-theora: a1e56fd34408186e4bbccfd4996cb3dc -> 
  custom:framework-win-MediaFoundation: 216162199b28c13a410421893ffa2e32 -> 
  custom:CustomObjectIndexerAttribute: 756ad292c208cfabdd7b50bc23989ffe -> 
  custom:container-demuxer-webm: 4f35f7cbe854078d1ac9338744f61a02 -> 
  custom:container-muxer-webm: aa71ff27fc2769a1b78a27578f13a17b -> 
  custom:video-decoder-webm-vp8: 9c59270c3fd7afecdb556c50c9e8de78 -> 
  custom:SearchIndexIgnoredProperties: e643bd26f0fe6173181afceb89e7c659 -> 
  custom:AudioImporter_EditorPlatform: d09bf68614088b80899f8185d706f6e7 -> 
  custom:video-encoder-webm-vp8: eb34c28f22e8b96e1ab97ce403110664 -> 
  custom:audio-decoder-ogg-vorbis: bf7c407c2cedff20999df2af8eb42d56 -> 
  custom:audio-encoder-webm-vorbis: bf7c407c2cedff20999df2af8eb42d56 -> 
========================================================================
Received Import Request.
  Time since last request: 1921.118982 seconds.
  path: Assets/Junkyard models/Models/Chair/Chair.png
  artifactKey: Guid(471f02d8ca6d4414a92d9bb227badb48) Importer(815301076,1909f56bfc062723c751e8b465ee728b)
Start importing Assets/Junkyard models/Models/Chair/Chair.png using Guid(471f02d8ca6d4414a92d9bb227badb48) Importer(815301076,1909f56bfc062723c751e8b465ee728b)  -> (artifact id: '421045fb18bd277846e58b8d8e09ac03') in 0.089092 seconds
Number of updated asset objects reloaded before import = 0
Number of asset objects unloaded after import = 2
========================================================================
Received Import Request.
  Time since last request: 11.948407 seconds.
  path: Assets/Junkyard models/Models/Fance/Fence0.obj
  artifactKey: Guid(c36172a086fe4d446949d692c095e696) Importer(815301076,1909f56bfc062723c751e8b465ee728b)
Start importing Assets/Junkyard models/Models/Fance/Fence0.obj using Guid(c36172a086fe4d446949d692c095e696) Importer(815301076,1909f56bfc062723c751e8b465ee728b)  -> (artifact id: 'd76a3126ab3a5bf1607489dcbc4edd55') in 0.099838 seconds
Number of updated asset objects reloaded before import = 0
Number of asset objects unloaded after import = 13
========================================================================
Received Import Request.
  Time since last request: 115.891052 seconds.
  path: Assets/material/Materials/gors.mat
  artifactKey: Guid(58b16d6941f0d794ba14bacbb546998d) Importer(815301076,1909f56bfc062723c751e8b465ee728b)
Start importing Assets/material/Materials/gors.mat using Guid(58b16d6941f0d794ba14bacbb546998d) Importer(815301076,1909f56bfc062723c751e8b465ee728b)  -> (artifact id: '5b1feabf4f651a040d7ece50d3332930') in 0.047825 seconds
Number of updated asset objects reloaded before import = 0
Number of asset objects unloaded after import = 2
========================================================================
Received Import Request.
  Time since last request: 0.000023 seconds.
  path: Assets/material/Materials/NewLayer.terrainlayer
  artifactKey: Guid(347d8f2cc0759d948af92b5362791916) Importer(815301076,1909f56bfc062723c751e8b465ee728b)
Start importing Assets/material/Materials/NewLayer.terrainlayer using Guid(347d8f2cc0759d948af92b5362791916) Importer(815301076,1909f56bfc062723c751e8b465ee728b)  -> (artifact id: 'aed11b9032f44bc0504fc79abcf2141a') in 0.022194 seconds
Number of updated asset objects reloaded before import = 0
Number of asset objects unloaded after import = 2
========================================================================
Received Import Request.
  Time since last request: 0.000032 seconds.
  path: Assets/material/Materials/swow trava.mat
  artifactKey: Guid(57aea71871970614591f813aba8f759e) Importer(815301076,1909f56bfc062723c751e8b465ee728b)
Start importing Assets/material/Materials/swow trava.mat using Guid(57aea71871970614591f813aba8f759e) Importer(815301076,1909f56bfc062723c751e8b465ee728b)  -> (artifact id: '43ff020c3259d8a218b8b90c3c40cdbd') in 0.021754 seconds
Number of updated asset objects reloaded before import = 0
Number of asset objects unloaded after import = 2
========================================================================
Received Import Request.
  Time since last request: 0.000021 seconds.
  path: Assets/material/Materials/NewLayer 5.terrainlayer
  artifactKey: Guid(e349816993fcb9c438f1fa90dda337c3) Importer(815301076,1909f56bfc062723c751e8b465ee728b)
Start importing Assets/material/Materials/NewLayer 5.terrainlayer using Guid(e349816993fcb9c438f1fa90dda337c3) Importer(815301076,1909f56bfc062723c751e8b465ee728b)  -> (artifact id: 'cb710e749bc47cee0eaa564ae01f2493') in 0.016058 seconds
Number of updated asset objects reloaded before import = 0
Number of asset objects unloaded after import = 2
========================================================================
Received Import Request.
  Time since last request: 0.000018 seconds.
  path: Assets/material/Materials/NewLayer 1.terrainlayer
  artifactKey: Guid(9c4f275a09ac9754da6e0b18e29a7690) Importer(815301076,1909f56bfc062723c751e8b465ee728b)
Start importing Assets/material/Materials/NewLayer 1.terrainlayer using Guid(9c4f275a09ac9754da6e0b18e29a7690) Importer(815301076,1909f56bfc062723c751e8b465ee728b)  -> (artifact id: '0fdb07507dca658af71f3a69a3b91aa7') in 0.013684 seconds
Number of updated asset objects reloaded before import = 0
Number of asset objects unloaded after import = 2
========================================================================
Received Import Request.
  Time since last request: 14.965484 seconds.
  path: Assets/russian_buildings/scenes/betontexture.jpg
  artifactKey: Guid(0a5be8e9fa1ac2941ada1fe04091b4a7) Importer(815301076,1909f56bfc062723c751e8b465ee728b)
Start importing Assets/russian_buildings/scenes/betontexture.jpg using Guid(0a5be8e9fa1ac2941ada1fe04091b4a7) Importer(815301076,1909f56bfc062723c751e8b465ee728b)  -> (artifact id: '6281bbf944c4cdef8c217346ccc6550b') in 0.024039 seconds
Number of updated asset objects reloaded before import = 0
Number of asset objects unloaded after import = 2
========================================================================
Received Import Request.
  Time since last request: 21.362498 seconds.
  path: Assets/Junkyard models/Scenes/Models/House.png
  artifactKey: Guid(7e8cc100b9e420e40ad1eeef3ae8f4dd) Importer(815301076,1909f56bfc062723c751e8b465ee728b)
Start importing Assets/Junkyard models/Scenes/Models/House.png using Guid(7e8cc100b9e420e40ad1eeef3ae8f4dd) Importer(815301076,1909f56bfc062723c751e8b465ee728b)  -> (artifact id: '2ed51231770b96f2c3019b2a4e11381c') in 0.030206 seconds
Number of updated asset objects reloaded before import = 0
Number of asset objects unloaded after import = 2
========================================================================
Received Import Request.
  Time since last request: 2.380045 seconds.
  path: Assets/russian_buildings/textures/rus_build_01_n.png
  artifactKey: Guid(d087ada33197fbb4c88e2c08bd36de20) Importer(815301076,1909f56bfc062723c751e8b465ee728b)
Start importing Assets/russian_buildings/textures/rus_build_01_n.png using Guid(d087ada33197fbb4c88e2c08bd36de20) Importer(815301076,1909f56bfc062723c751e8b465ee728b)  -> (artifact id: '75b669baa52b1a6dfaa5c4f27af7dfc2') in 0.034185 seconds
Number of updated asset objects reloaded before import = 0
Number of asset objects unloaded after import = 2
========================================================================
Received Import Request.
  Time since last request: 0.052620 seconds.
  path: Assets/russian_buildings/textures/rus_build_05.png
  artifactKey: Guid(268c085af3fc79c4a934b1c5a3d93c39) Importer(815301076,1909f56bfc062723c751e8b465ee728b)
Start importing Assets/russian_buildings/textures/rus_build_05.png using Guid(268c085af3fc79c4a934b1c5a3d93c39) Importer(815301076,1909f56bfc062723c751e8b465ee728b)  -> (artifact id: 'bd55c21a61299ff26fc8e59adad5eeb8') in 0.023687 seconds
Number of updated asset objects reloaded before import = 0
Number of asset objects unloaded after import = 2
========================================================================
Received Import Request.
  Time since last request: 0.381497 seconds.
  path: Assets/russian_buildings/textures/rus_build_06_n.png
  artifactKey: Guid(ff3ed2e1350ac7c47ae84197b2bc30b1) Importer(815301076,1909f56bfc062723c751e8b465ee728b)
Start importing Assets/russian_buildings/textures/rus_build_06_n.png using Guid(ff3ed2e1350ac7c47ae84197b2bc30b1) Importer(815301076,1909f56bfc062723c751e8b465ee728b)  -> (artifact id: '5694b7cdaf4c77cd9b7354d52951001a') in 0.026053 seconds
Number of updated asset objects reloaded before import = 0
Number of asset objects unloaded after import = 2
========================================================================
Received Import Request.
  Time since last request: 0.033637 seconds.
  path: Assets/russian_buildings/textures/rus_build_08.png
  artifactKey: Guid(f63b585b494c19e408adc8374a32ff38) Importer(815301076,1909f56bfc062723c751e8b465ee728b)
Start importing Assets/russian_buildings/textures/rus_build_08.png using Guid(f63b585b494c19e408adc8374a32ff38) Importer(815301076,1909f56bfc062723c751e8b465ee728b)  -> (artifact id: '21f94287d66da73c6936ccf99472db2d') in 0.025482 seconds
Number of updated asset objects reloaded before import = 0
Number of asset objects unloaded after import = 2
========================================================================
Received Import Request.
  Time since last request: 0.247041 seconds.
  path: Assets/russian_buildings/textures/rus_build_08_s.png
  artifactKey: Guid(2f20fd39e8116d74a882d1b04bde5036) Importer(815301076,1909f56bfc062723c751e8b465ee728b)
Start importing Assets/russian_buildings/textures/rus_build_08_s.png using Guid(2f20fd39e8116d74a882d1b04bde5036) Importer(815301076,1909f56bfc062723c751e8b465ee728b)  -> (artifact id: '445b8a3ed762abe7d062c280fc82f3ab') in 0.024998 seconds
Number of updated asset objects reloaded before import = 0
Number of asset objects unloaded after import = 2
========================================================================
Received Import Request.
  Time since last request: 0.066443 seconds.
  path: Assets/russian_buildings/textures/rus_build_11.png
  artifactKey: Guid(d898f1952a888e5459ca4fa61f69aacb) Importer(815301076,1909f56bfc062723c751e8b465ee728b)
Start importing Assets/russian_buildings/textures/rus_build_11.png using Guid(d898f1952a888e5459ca4fa61f69aacb) Importer(815301076,1909f56bfc062723c751e8b465ee728b)  -> (artifact id: 'e8d415a84e5eb0409ac53ea1d30f1ef3') in 0.024741 seconds
Number of updated asset objects reloaded before import = 0
Number of asset objects unloaded after import = 2
========================================================================
Received Import Request.
  Time since last request: 0.252889 seconds.
  path: Assets/russian_buildings/textures/rus_build_11_s.png
  artifactKey: Guid(d25ee5b813be1c94299c66797d46b18b) Importer(815301076,1909f56bfc062723c751e8b465ee728b)
Start importing Assets/russian_buildings/textures/rus_build_11_s.png using Guid(d25ee5b813be1c94299c66797d46b18b) Importer(815301076,1909f56bfc062723c751e8b465ee728b)  -> (artifact id: 'ec206711e523645efbe919f285714f01') in 0.024040 seconds
Number of updated asset objects reloaded before import = 0
Number of asset objects unloaded after import = 2
========================================================================
Received Import Request.
  Time since last request: 0.007750 seconds.
  path: Assets/russian_buildings/textures/rus_build_14.png
  artifactKey: Guid(190b08caee9510e4094d8fb85df30e6a) Importer(815301076,1909f56bfc062723c751e8b465ee728b)
Start importing Assets/russian_buildings/textures/rus_build_14.png using Guid(190b08caee9510e4094d8fb85df30e6a) Importer(815301076,1909f56bfc062723c751e8b465ee728b)  -> (artifact id: '53c53b263083de4ae07aa5bb03646471') in 0.025153 seconds
Number of updated asset objects reloaded before import = 0
Number of asset objects unloaded after import = 2
========================================================================
Received Import Request.
  Time since last request: 0.000487 seconds.
  path: Assets/russian_buildings/textures/rus_build_15_n.png
  artifactKey: Guid(0ea9638d8573c2d4996a9946202fca73) Importer(815301076,1909f56bfc062723c751e8b465ee728b)
Start importing Assets/russian_buildings/textures/rus_build_15_n.png using Guid(0ea9638d8573c2d4996a9946202fca73) Importer(815301076,1909f56bfc062723c751e8b465ee728b)  -> (artifact id: '5f6069f70b0e376894a0feacfe7a4569') in 0.025576 seconds
Number of updated asset objects reloaded before import = 0
Number of asset objects unloaded after import = 2
========================================================================
Received Import Request.
  Time since last request: 0.246159 seconds.
  path: Assets/russian_buildings/textures/rus_build_17.png
  artifactKey: Guid(0decba82cb0d4eb4e8840b5b450910af) Importer(815301076,1909f56bfc062723c751e8b465ee728b)
Start importing Assets/russian_buildings/textures/rus_build_17.png using Guid(0decba82cb0d4eb4e8840b5b450910af) Importer(815301076,1909f56bfc062723c751e8b465ee728b)  -> (artifact id: '855787f36dbe9c2929fd902b0f891e81') in 0.024466 seconds
Number of updated asset objects reloaded before import = 0
Number of asset objects unloaded after import = 2
========================================================================
Received Import Request.
  Time since last request: 0.007025 seconds.
  path: Assets/russian_buildings/textures/rus_build_LOD_01_s.png
  artifactKey: Guid(51f4a202923845e439004bfbc487cfe7) Importer(815301076,1909f56bfc062723c751e8b465ee728b)
Start importing Assets/russian_buildings/textures/rus_build_LOD_01_s.png using Guid(51f4a202923845e439004bfbc487cfe7) Importer(815301076,1909f56bfc062723c751e8b465ee728b)  -> (artifact id: '0c84dda07838fcd757fb489acb443089') in 0.024990 seconds
Number of updated asset objects reloaded before import = 0
Number of asset objects unloaded after import = 2
========================================================================
Received Import Request.
  Time since last request: 0.000018 seconds.
  path: Assets/russian_buildings/textures/rus_build_LOD_02_s.png
  artifactKey: Guid(58698fed29c723f4b89f3ab997c2bc74) Importer(815301076,1909f56bfc062723c751e8b465ee728b)
Start importing Assets/russian_buildings/textures/rus_build_LOD_02_s.png using Guid(58698fed29c723f4b89f3ab997c2bc74) Importer(815301076,1909f56bfc062723c751e8b465ee728b)  -> (artifact id: '6f1cb01951f587cb82333a1676876447') in 0.026831 seconds
Number of updated asset objects reloaded before import = 0
Number of asset objects unloaded after import = 2
========================================================================
Received Import Request.
  Time since last request: 0.355522 seconds.
  path: Assets/Protection_suite/Textures/T_Protective suit_MetallicSmoothness.tga
  artifactKey: Guid(4b70300174e64c346ba23a5dbd506eb2) Importer(815301076,1909f56bfc062723c751e8b465ee728b)
Start importing Assets/Protection_suite/Textures/T_Protective suit_MetallicSmoothness.tga using Guid(4b70300174e64c346ba23a5dbd506eb2) Importer(815301076,1909f56bfc062723c751e8b465ee728b)  -> (artifact id: '49481aef7ed720ca95d0083f4f35ac56') in 0.078142 seconds
Number of updated asset objects reloaded before import = 0
Number of asset objects unloaded after import = 2
========================================================================
Received Import Request.
  Time since last request: 0.211450 seconds.
  path: Assets/Junkyard models/Models/Tank/Tank.png
  artifactKey: Guid(1298f60a4da6f7e4aa18b40dde966da6) Importer(815301076,1909f56bfc062723c751e8b465ee728b)
Start importing Assets/Junkyard models/Models/Tank/Tank.png using Guid(1298f60a4da6f7e4aa18b40dde966da6) Importer(815301076,1909f56bfc062723c751e8b465ee728b)  -> (artifact id: 'a240f2737905561950b04a037793ae94') in 0.040283 seconds
Number of updated asset objects reloaded before import = 0
Number of asset objects unloaded after import = 2
========================================================================
Received Import Request.
  Time since last request: 0.000153 seconds.
  path: Assets/Junkyard models/Scenes/Models/Terrain.png
  artifactKey: Guid(8dbd5d856c96cc149988409b2f540f17) Importer(815301076,1909f56bfc062723c751e8b465ee728b)
Start importing Assets/Junkyard models/Scenes/Models/Terrain.png using Guid(8dbd5d856c96cc149988409b2f540f17) Importer(815301076,1909f56bfc062723c751e8b465ee728b)  -> (artifact id: '3b9792f091f0f5dc1e9a397d285e3c3f') in 0.022595 seconds
Number of updated asset objects reloaded before import = 0
Number of asset objects unloaded after import = 2
========================================================================
Received Import Request.
  Time since last request: 496.892210 seconds.
  path: Assets/Aligned Games/Polygonal Modern Weapons Collection 1 Asset Package/Models/Melee/Axes/Axe1/axe_1.fbx
  artifactKey: Guid(64932d512d123a2439c84e51e28ad6e7) Importer(815301076,1909f56bfc062723c751e8b465ee728b)
Start importing Assets/Aligned Games/Polygonal Modern Weapons Collection 1 Asset Package/Models/Melee/Axes/Axe1/axe_1.fbx using Guid(64932d512d123a2439c84e51e28ad6e7) Importer(815301076,1909f56bfc062723c751e8b465ee728b)  -> (artifact id: '979a6cc4998ef673623b782402a4a2b0') in 0.029591 seconds
Number of updated asset objects reloaded before import = 0
Number of asset objects unloaded after import = 7
========================================================================
Received Import Request.
  Time since last request: 0.000024 seconds.
  path: Assets/Junkyard models/Models/Bath/Bath.obj
  artifactKey: Guid(ae8352c51c6124747aa9e8a7374b86af) Importer(815301076,1909f56bfc062723c751e8b465ee728b)
Start importing Assets/Junkyard models/Models/Bath/Bath.obj using Guid(ae8352c51c6124747aa9e8a7374b86af) Importer(815301076,1909f56bfc062723c751e8b465ee728b)  -> (artifact id: '935ef73d38009b4354e4b0ccc2d7f43b') in 0.024886 seconds
Number of updated asset objects reloaded before import = 0
Number of asset objects unloaded after import = 13
========================================================================
Received Import Request.
  Time since last request: 0.000359 seconds.
  path: Assets/laxer tree pkg/Mobile/Normal Edited/baum ld0(enhanced).prefab
  artifactKey: Guid(0cd0601cf7da9dc4f80b1d60facd05c5) Importer(815301076,1909f56bfc062723c751e8b465ee728b)
Start importing Assets/laxer tree pkg/Mobile/Normal Edited/baum ld0(enhanced).prefab using Guid(0cd0601cf7da9dc4f80b1d60facd05c5) Importer(815301076,1909f56bfc062723c751e8b465ee728b)  -> (artifact id: '39ee3b20741cc74de76fdd6ee74e0ba7') in 0.163864 seconds
Number of updated asset objects reloaded before import = 0
Number of asset objects unloaded after import = 11
========================================================================
Received Import Request.
  Time since last request: 0.000019 seconds.
  path: Assets/laxer tree pkg/Ambient-Occlusion/baum ld0.prefab
  artifactKey: Guid(232d918e673de694d8a118b6efe0bf6f) Importer(815301076,1909f56bfc062723c751e8b465ee728b)
Start importing Assets/laxer tree pkg/Ambient-Occlusion/baum ld0.prefab using Guid(232d918e673de694d8a118b6efe0bf6f) Importer(815301076,1909f56bfc062723c751e8b465ee728b)  -> (artifact id: 'c270afcd58bdab634e1cf253c1e37f98') in 0.230000 seconds
Number of updated asset objects reloaded before import = 0
Number of asset objects unloaded after import = 13
========================================================================
Received Import Request.
  Time since last request: 0.000021 seconds.
  path: Assets/laxer tree pkg/Models/baum hd fbx.fbx
  artifactKey: Guid(9b27b908e66bddb42940797bc06df908) Importer(815301076,1909f56bfc062723c751e8b465ee728b)
Start importing Assets/laxer tree pkg/Models/baum hd fbx.fbx using Guid(9b27b908e66bddb42940797bc06df908) Importer(815301076,1909f56bfc062723c751e8b465ee728b)  -> (artifact id: '2fe8d9d1624f0593f7a27c8b32f83859') in 0.022890 seconds
Number of updated asset objects reloaded before import = 0
Number of asset objects unloaded after import = 14
========================================================================
Received Import Request.
  Time since last request: 0.000028 seconds.
  path: Assets/laxer tree pkg/Models/baum hd med fbx.fbx
  artifactKey: Guid(8606c21208a6abf4aa86e39e9938598b) Importer(815301076,1909f56bfc062723c751e8b465ee728b)
Start importing Assets/laxer tree pkg/Models/baum hd med fbx.fbx using Guid(8606c21208a6abf4aa86e39e9938598b) Importer(815301076,1909f56bfc062723c751e8b465ee728b)  -> (artifact id: '2311de9e107b5c23c7558b691e08c0a1') in 0.024707 seconds
Number of updated asset objects reloaded before import = 0
Number of asset objects unloaded after import = 14
========================================================================
Received Import Request.
  Time since last request: 0.000023 seconds.
  path: Assets/laxer tree pkg/Models/baum hd pine fbx.fbx
  artifactKey: Guid(7163db7426b13a345b09fa28a500a5e6) Importer(815301076,1909f56bfc062723c751e8b465ee728b)
Start importing Assets/laxer tree pkg/Models/baum hd pine fbx.fbx using Guid(7163db7426b13a345b09fa28a500a5e6) Importer(815301076,1909f56bfc062723c751e8b465ee728b)  -> (artifact id: '7e7d604e74c490489c599e2cd73a6cb1') in 0.022172 seconds
Number of updated asset objects reloaded before import = 0
Number of asset objects unloaded after import = 14
========================================================================
Received Import Request.
  Time since last request: 1.144320 seconds.
  path: Assets/laxer tree pkg/Mobile/baum ld2 mobile.prefab
  artifactKey: Guid(78fdf95c4c2d7384a8957ee310d2b067) Importer(815301076,1909f56bfc062723c751e8b465ee728b)
Start importing Assets/laxer tree pkg/Mobile/baum ld2 mobile.prefab using Guid(78fdf95c4c2d7384a8957ee310d2b067) Importer(815301076,1909f56bfc062723c751e8b465ee728b)  -> (artifact id: 'd5804c239f0fe73e1f4fd8d7c7ade950') in 0.044998 seconds
Number of updated asset objects reloaded before import = 0
Number of asset objects unloaded after import = 11
Editor requested this worker to shutdown with reason: Scaling down because of idle timeout
TcpMessagingSession - receive error: operation aborted. errorcode: 995, details: ќпераци€ ввода/вывода была прервана из-за завершени€ потока команд или по запросу приложени€.
AssetImportWorker is now disconnected from the server
Process exiting
Exiting without the bug reporter. Application will terminate with return code 0