Using pre-set license
Built from '2022.3/staging' branch; Version is '2022.3.7f1 (b16b3b16c7a0) revision 11627323'; Using compiler version '192829333'; Build Type 'Release'
OS: 'Windows 10  (10.0.19045) 64bit Professional' Language: 'ru' Physical Memory: 16225 MB
BatchMode: 1, IsHumanControllingUs: 0, StartBugReporterOnCrash: 0, Is64bit: 1, IsPro: 1

COMMAND LINE ARGUMENTS:
C:\Program Files\Unity\Hub\Editor\2022.3.7f1\Editor\Unity.exe
-adb2
-batchMode
-noUpm
-name
AssetImportWorker6
-projectPath
D:/BSA
-logFile
Logs/AssetImportWorker6.log
-srvPort
50004
Successfully changed project path to: D:/BSA
D:/BSA
[UnityMemory] Configuration Parameters - Can be set up in boot.config
    "memorysetup-bucket-allocator-granularity=16"
    "memorysetup-bucket-allocator-bucket-count=8"
    "memorysetup-bucket-allocator-block-size=33554432"
    "memorysetup-bucket-allocator-block-count=8"
    "memorysetup-main-allocator-block-size=16777216"
    "memorysetup-thread-allocator-block-size=16777216"
    "memorysetup-gfx-main-allocator-block-size=16777216"
    "memorysetup-gfx-thread-allocator-block-size=16777216"
    "memorysetup-cache-allocator-block-size=4194304"
    "memorysetup-typetree-allocator-block-size=2097152"
    "memorysetup-profiler-bucket-allocator-granularity=16"
    "memorysetup-profiler-bucket-allocator-bucket-count=8"
    "memorysetup-profiler-bucket-allocator-block-size=33554432"
    "memorysetup-profiler-bucket-allocator-block-count=8"
    "memorysetup-profiler-allocator-block-size=16777216"
    "memorysetup-profiler-editor-allocator-block-size=1048576"
    "memorysetup-temp-allocator-size-main=16777216"
    "memorysetup-job-temp-allocator-block-size=2097152"
    "memorysetup-job-temp-allocator-block-size-background=1048576"
    "memorysetup-job-temp-allocator-reduction-small-platforms=262144"
    "memorysetup-allocator-temp-initial-block-size-main=262144"
    "memorysetup-allocator-temp-initial-block-size-worker=262144"
    "memorysetup-temp-allocator-size-background-worker=32768"
    "memorysetup-temp-allocator-size-job-worker=262144"
    "memorysetup-temp-allocator-size-preload-manager=33554432"
    "memorysetup-temp-allocator-size-nav-mesh-worker=65536"
    "memorysetup-temp-allocator-size-audio-worker=65536"
    "memorysetup-temp-allocator-size-cloud-worker=32768"
    "memorysetup-temp-allocator-size-gi-baking-worker=262144"
    "memorysetup-temp-allocator-size-gfx=262144"
Player connection [22724] Host "[IP] 192.168.0.11 [Port] 0 [Flags] 2 [Guid] 1772929744 [EditorId] 1772929744 [Version] 1048832 [Id] WindowsEditor(7,DESKTOP-DBLQJ5R) [Debug] 1 [PackageName] WindowsEditor [ProjectName] Editor" joined multi-casting on [225.0.0.222:54997]...

Player connection [22724] Host "[IP] 192.168.0.11 [Port] 0 [Flags] 2 [Guid] 1772929744 [EditorId] 1772929744 [Version] 1048832 [Id] WindowsEditor(7,DESKTOP-DBLQJ5R) [Debug] 1 [PackageName] WindowsEditor [ProjectName] Editor" joined alternative multi-casting on [225.0.0.222:34997]...

Refreshing native plugins compatible for Editor in 11.35 ms, found 3 plugins.
Preloading 0 native plugins for Editor in 0.00 ms.
Initialize engine version: 2022.3.7f1 (b16b3b16c7a0)
[Subsystems] Discovering subsystems at path C:/Program Files/Unity/Hub/Editor/2022.3.7f1/Editor/Data/Resources/UnitySubsystems
[Subsystems] Discovering subsystems at path D:/BSA/Assets
GfxDevice: creating device client; threaded=0; jobified=0
Direct3D:
    Version:  Direct3D 11.0 [level 11.1]
    Renderer: NVIDIA GeForce GTX 1050 Ti (ID=0x1c82)
    Vendor:   NVIDIA
    VRAM:     4017 MB
    Driver:   31.0.15.4665
Initialize mono
Mono path[0] = 'C:/Program Files/Unity/Hub/Editor/2022.3.7f1/Editor/Data/Managed'
Mono path[1] = 'C:/Program Files/Unity/Hub/Editor/2022.3.7f1/Editor/Data/MonoBleedingEdge/lib/mono/unityjit-win32'
Mono config path = 'C:/Program Files/Unity/Hub/Editor/2022.3.7f1/Editor/Data/MonoBleedingEdge/etc'
Using monoOptions --debugger-agent=transport=dt_socket,embedding=1,server=y,suspend=n,address=127.0.0.1:56716
Begin MonoManager ReloadAssembly
Registering precompiled unity dll's ...
Register platform support module: C:/Program Files/Unity/Hub/Editor/2022.3.7f1/Editor/Data/PlaybackEngines/WebGLSupport/UnityEditor.WebGL.Extensions.dll
Register platform support module: C:/Program Files/Unity/Hub/Editor/2022.3.7f1/Editor/Data/PlaybackEngines/AndroidPlayer/UnityEditor.Android.Extensions.dll
Register platform support module: C:/Program Files/Unity/Hub/Editor/2022.3.7f1/Editor/Data/PlaybackEngines/iOSSupport/UnityEditor.iOS.Extensions.dll
Register platform support module: C:/Program Files/Unity/Hub/Editor/2022.3.7f1/Editor/Data/PlaybackEngines/WindowsStandaloneSupport/UnityEditor.WindowsStandalone.Extensions.dll
Registered in 0.020340 seconds.
- Loaded All Assemblies, in  0.549 seconds
Native extension for WindowsStandalone target not found
[usbmuxd] Start listen thread
[usbmuxd] Listen thread started
[usbmuxd] Send listen message
Native extension for iOS target not found
Native extension for Android target not found
Android Extension - Scanning For ADB Devices 270 ms
Native extension for WebGL target not found
Mono: successfully reloaded assembly
- Finished resetting the current domain, in  0.747 seconds
Domain Reload Profiling: 1294ms
	BeginReloadAssembly (158ms)
		ExecutionOrderSort (0ms)
		DisableScriptedObjects (0ms)
		BackupInstance (0ms)
		ReleaseScriptingObjects (0ms)
		CreateAndSetChildDomain (1ms)
	RebuildCommonClasses (49ms)
	RebuildNativeTypeToScriptingClass (17ms)
	initialDomainReloadingComplete (99ms)
	LoadAllAssembliesAndSetupDomain (222ms)
		LoadAssemblies (157ms)
		RebuildTransferFunctionScriptingTraits (0ms)
		AnalyzeDomain (217ms)
			TypeCache.Refresh (215ms)
				TypeCache.ScanAssembly (194ms)
			ScanForSourceGeneratedMonoScriptInfo (1ms)
			ResolveRequiredComponents (1ms)
	FinalizeReload (748ms)
		ReleaseScriptCaches (0ms)
		RebuildScriptCaches (0ms)
		SetupLoadedEditorAssemblies (661ms)
			LogAssemblyErrors (0ms)
			InitializePlatformSupportModulesInManaged (444ms)
			SetLoadedEditorAssemblies (6ms)
			RefreshPlugins (0ms)
			BeforeProcessingInitializeOnLoad (3ms)
			ProcessInitializeOnLoadAttributes (145ms)
			ProcessInitializeOnLoadMethodAttributes (64ms)
			AfterProcessingInitializeOnLoad (0ms)
			EditorAssembliesLoaded (0ms)
		ExecutionOrderSort2 (0ms)
		AwakeInstancesAfterBackupRestoration (0ms)
========================================================================
Worker process is ready to serve import requests
Begin MonoManager ReloadAssembly
Symbol file LoadedFromMemory doesn't match image D:\BSA\Library\PackageCache\com.unity.visualscripting@1.8.0\Editor\VisualScripting.Core\Dependencies\YamlDotNet\Unity.VisualScripting.YamlDotNet.dll
Symbol file LoadedFromMemory doesn't match image D:\BSA\Library\PackageCache\com.unity.visualscripting@1.8.0\Editor\VisualScripting.Core\Dependencies\DotNetZip\Unity.VisualScripting.IonicZip.dll
- Loaded All Assemblies, in  0.946 seconds
Refreshing native plugins compatible for Editor in 4.31 ms, found 3 plugins.
Native extension for WindowsStandalone target not found
Native extension for iOS target not found
Native extension for Android target not found
Native extension for WebGL target not found
Package Manager log level set to [2]
[Package Manager] Server::EnsureServerProcessIsRunning -- launch failed, reason: Unity was launched with the -noUpm command-line argument
[Package Manager] UpmClient::Send -- Unable to send message (not connected to UPM process).
[Package Manager] Cannot connect to Unity Package Manager local server
Mono: successfully reloaded assembly
- Finished resetting the current domain, in  0.895 seconds
Domain Reload Profiling: 1838ms
	BeginReloadAssembly (218ms)
		ExecutionOrderSort (0ms)
		DisableScriptedObjects (9ms)
		BackupInstance (0ms)
		ReleaseScriptingObjects (0ms)
		CreateAndSetChildDomain (30ms)
	RebuildCommonClasses (48ms)
	RebuildNativeTypeToScriptingClass (17ms)
	initialDomainReloadingComplete (62ms)
	LoadAllAssembliesAndSetupDomain (597ms)
		LoadAssemblies (425ms)
		RebuildTransferFunctionScriptingTraits (0ms)
		AnalyzeDomain (296ms)
			TypeCache.Refresh (254ms)
				TypeCache.ScanAssembly (229ms)
			ScanForSourceGeneratedMonoScriptInfo (28ms)
			ResolveRequiredComponents (11ms)
	FinalizeReload (896ms)
		ReleaseScriptCaches (0ms)
		RebuildScriptCaches (0ms)
		SetupLoadedEditorAssemblies (659ms)
			LogAssemblyErrors (0ms)
			InitializePlatformSupportModulesInManaged (56ms)
			SetLoadedEditorAssemblies (5ms)
			RefreshPlugins (0ms)
			BeforeProcessingInitializeOnLoad (93ms)
			ProcessInitializeOnLoadAttributes (465ms)
			ProcessInitializeOnLoadMethodAttributes (28ms)
			AfterProcessingInitializeOnLoad (12ms)
			EditorAssembliesLoaded (0ms)
		ExecutionOrderSort2 (0ms)
		AwakeInstancesAfterBackupRestoration (9ms)
Launched and connected shader compiler UnityShaderCompiler.exe after 0.05 seconds
Refreshing native plugins compatible for Editor in 4.32 ms, found 3 plugins.
Preloading 0 native plugins for Editor in 0.00 ms.
Unloading 3850 Unused Serialized files (Serialized files now loaded: 0)
Unloading 64 unused Assets / (175.6 KB). Loaded Objects now: 4327.
Memory consumption went from 161.3 MB to 161.1 MB.
Total: 4.763700 ms (FindLiveObjects: 0.433200 ms CreateObjectMapping: 0.259200 ms MarkObjects: 3.846500 ms  DeleteObjects: 0.223600 ms)

AssetImportParameters requested are different than current active one (requested -> active):
  custom:container-demuxer-ogg: 62fdf1f143b41e24485cea50d1cbac27 -> 
  custom:video-decoder-ogg-theora: a1e56fd34408186e4bbccfd4996cb3dc -> 
  custom:framework-win-MediaFoundation: 216162199b28c13a410421893ffa2e32 -> 
  custom:CustomObjectIndexerAttribute: 756ad292c208cfabdd7b50bc23989ffe -> 
  custom:container-demuxer-webm: 4f35f7cbe854078d1ac9338744f61a02 -> 
  custom:container-muxer-webm: aa71ff27fc2769a1b78a27578f13a17b -> 
  custom:video-decoder-webm-vp8: 9c59270c3fd7afecdb556c50c9e8de78 -> 
  custom:SearchIndexIgnoredProperties: e643bd26f0fe6173181afceb89e7c659 -> 
  custom:AudioImporter_EditorPlatform: d09bf68614088b80899f8185d706f6e7 -> 
  custom:video-encoder-webm-vp8: eb34c28f22e8b96e1ab97ce403110664 -> 
  custom:audio-decoder-ogg-vorbis: bf7c407c2cedff20999df2af8eb42d56 -> 
  custom:audio-encoder-webm-vorbis: bf7c407c2cedff20999df2af8eb42d56 -> 
========================================================================
Received Import Request.
  Time since last request: 2064.245740 seconds.
  path: Assets/Junkyard models/Scenes/Models/Beams.png
  artifactKey: Guid(e3d2edda80351d84f8b648440bf8ac87) Importer(815301076,1909f56bfc062723c751e8b465ee728b)
Start importing Assets/Junkyard models/Scenes/Models/Beams.png using Guid(e3d2edda80351d84f8b648440bf8ac87) Importer(815301076,1909f56bfc062723c751e8b465ee728b)  -> (artifact id: 'b053cc2616407b78bbb12a2094eeea25') in 0.086575 seconds
Number of updated asset objects reloaded before import = 0
Number of asset objects unloaded after import = 2
========================================================================
Received Import Request.
  Time since last request: 19.410007 seconds.
  path: Assets/FreeOpenBuilding_1.1.2/FOB_1/Texture/FOB_1.png
  artifactKey: Guid(8c79a4f572e038b46abfc0905143901e) Importer(815301076,1909f56bfc062723c751e8b465ee728b)
Start importing Assets/FreeOpenBuilding_1.1.2/FOB_1/Texture/FOB_1.png using Guid(8c79a4f572e038b46abfc0905143901e) Importer(815301076,1909f56bfc062723c751e8b465ee728b)  -> (artifact id: '76516d66b2cf2d1a4778111a2383eb8b') in 0.053894 seconds
Number of updated asset objects reloaded before import = 0
Number of asset objects unloaded after import = 2
========================================================================
Received Import Request.
  Time since last request: 1.840357 seconds.
  path: Assets/PixelDeer/Low-Poly Home/Texture Home/Home_Home_Normal.png
  artifactKey: Guid(4db6da87ae5ddac4a8a6d4c6d86e82ea) Importer(815301076,1909f56bfc062723c751e8b465ee728b)
Start importing Assets/PixelDeer/Low-Poly Home/Texture Home/Home_Home_Normal.png using Guid(4db6da87ae5ddac4a8a6d4c6d86e82ea) Importer(815301076,1909f56bfc062723c751e8b465ee728b)  -> (artifact id: '2d078f12701c397275030527e409cefd') in 0.040153 seconds
Number of updated asset objects reloaded before import = 0
Number of asset objects unloaded after import = 2
========================================================================
Received Import Request.
  Time since last request: 1.764027 seconds.
  path: Assets/Junkyard models/Scenes/Models/Rooms.png
  artifactKey: Guid(2fd701eb98bd0944c8fd4ec1bb37a36a) Importer(815301076,1909f56bfc062723c751e8b465ee728b)
Start importing Assets/Junkyard models/Scenes/Models/Rooms.png using Guid(2fd701eb98bd0944c8fd4ec1bb37a36a) Importer(815301076,1909f56bfc062723c751e8b465ee728b)  -> (artifact id: '6d006fcaebd1f0d754dbf6f207e6edac') in 0.023487 seconds
Number of updated asset objects reloaded before import = 0
Number of asset objects unloaded after import = 2
========================================================================
Received Import Request.
  Time since last request: 0.562084 seconds.
  path: Assets/russian_buildings/textures/rus_build_01_h.png
  artifactKey: Guid(c308182866d078048836bceee131f2a8) Importer(815301076,1909f56bfc062723c751e8b465ee728b)
Start importing Assets/russian_buildings/textures/rus_build_01_h.png using Guid(c308182866d078048836bceee131f2a8) Importer(815301076,1909f56bfc062723c751e8b465ee728b)  -> (artifact id: 'cea2e609672109c4ea844c514ee62f2b') in 0.028468 seconds
Number of updated asset objects reloaded before import = 0
Number of asset objects unloaded after import = 2
========================================================================
Received Import Request.
  Time since last request: 0.077751 seconds.
  path: Assets/russian_buildings/textures/rus_build_04.png
  artifactKey: Guid(4148a9b11b8cdf243a0b164cbe3eb439) Importer(815301076,1909f56bfc062723c751e8b465ee728b)
Start importing Assets/russian_buildings/textures/rus_build_04.png using Guid(4148a9b11b8cdf243a0b164cbe3eb439) Importer(815301076,1909f56bfc062723c751e8b465ee728b)  -> (artifact id: '78d62948fe45ea827971bedf6b3a50cd') in 0.025358 seconds
Number of updated asset objects reloaded before import = 0
Number of asset objects unloaded after import = 2
========================================================================
Received Import Request.
  Time since last request: 0.371694 seconds.
  path: Assets/russian_buildings/textures/rus_build_06_h.png
  artifactKey: Guid(d4c62de7fe40267429e57431572ebb76) Importer(815301076,1909f56bfc062723c751e8b465ee728b)
Start importing Assets/russian_buildings/textures/rus_build_06_h.png using Guid(d4c62de7fe40267429e57431572ebb76) Importer(815301076,1909f56bfc062723c751e8b465ee728b)  -> (artifact id: '3f39e10e11cd7d4c7483ea7ece83b6fb') in 0.025326 seconds
Number of updated asset objects reloaded before import = 0
Number of asset objects unloaded after import = 2
========================================================================
Received Import Request.
  Time since last request: 0.034145 seconds.
  path: Assets/russian_buildings/textures/rus_build_07.png
  artifactKey: Guid(a9a0a885c2eede34587e12cd1414003c) Importer(815301076,1909f56bfc062723c751e8b465ee728b)
Start importing Assets/russian_buildings/textures/rus_build_07.png using Guid(a9a0a885c2eede34587e12cd1414003c) Importer(815301076,1909f56bfc062723c751e8b465ee728b)  -> (artifact id: 'dd9110164992e722e7b983a1c5d8fb06') in 0.027380 seconds
Number of updated asset objects reloaded before import = 0
Number of asset objects unloaded after import = 2
========================================================================
Received Import Request.
  Time since last request: 0.253602 seconds.
  path: Assets/russian_buildings/textures/rus_build_08_n.png
  artifactKey: Guid(9ca4a46b48f6fb84a87185119e94afa3) Importer(815301076,1909f56bfc062723c751e8b465ee728b)
Start importing Assets/russian_buildings/textures/rus_build_08_n.png using Guid(9ca4a46b48f6fb84a87185119e94afa3) Importer(815301076,1909f56bfc062723c751e8b465ee728b)  -> (artifact id: '39b3cb5d718846ab4b8f2d09fbb5273f') in 0.026866 seconds
Number of updated asset objects reloaded before import = 0
Number of asset objects unloaded after import = 2
========================================================================
Received Import Request.
  Time since last request: 0.055858 seconds.
  path: Assets/russian_buildings/textures/rus_build_10.png
  artifactKey: Guid(5a125ecd9eb58a84fbedcf7569256ab1) Importer(815301076,1909f56bfc062723c751e8b465ee728b)
Start importing Assets/russian_buildings/textures/rus_build_10.png using Guid(5a125ecd9eb58a84fbedcf7569256ab1) Importer(815301076,1909f56bfc062723c751e8b465ee728b)  -> (artifact id: 'cea77d98ce78a8d000c682c7ae0bb7f9') in 0.025704 seconds
Number of updated asset objects reloaded before import = 0
Number of asset objects unloaded after import = 2
========================================================================
Received Import Request.
  Time since last request: 0.250428 seconds.
  path: Assets/russian_buildings/textures/rus_build_11_n.png
  artifactKey: Guid(390924f77fec34c45bfb999b056631be) Importer(815301076,1909f56bfc062723c751e8b465ee728b)
Start importing Assets/russian_buildings/textures/rus_build_11_n.png using Guid(390924f77fec34c45bfb999b056631be) Importer(815301076,1909f56bfc062723c751e8b465ee728b)  -> (artifact id: 'c4a3924d20776f2502907c2caa6d5746') in 0.026937 seconds
Number of updated asset objects reloaded before import = 0
Number of asset objects unloaded after import = 2
========================================================================
Received Import Request.
  Time since last request: 0.005979 seconds.
  path: Assets/russian_buildings/textures/rus_build_13.png
  artifactKey: Guid(15ddd6bb39b9c484f9e34dd0b29568bf) Importer(815301076,1909f56bfc062723c751e8b465ee728b)
Start importing Assets/russian_buildings/textures/rus_build_13.png using Guid(15ddd6bb39b9c484f9e34dd0b29568bf) Importer(815301076,1909f56bfc062723c751e8b465ee728b)  -> (artifact id: '4827aea76240693b510661dad2f23601') in 0.025429 seconds
Number of updated asset objects reloaded before import = 0
Number of asset objects unloaded after import = 2
========================================================================
Received Import Request.
  Time since last request: 0.009512 seconds.
  path: Assets/russian_buildings/textures/rus_build_15_h.png
  artifactKey: Guid(61e00fc30250fc14ab813fb1974825d3) Importer(815301076,1909f56bfc062723c751e8b465ee728b)
Start importing Assets/russian_buildings/textures/rus_build_15_h.png using Guid(61e00fc30250fc14ab813fb1974825d3) Importer(815301076,1909f56bfc062723c751e8b465ee728b)  -> (artifact id: '21c430ec3df33f39227b080b4e77783d') in 0.025407 seconds
Number of updated asset objects reloaded before import = 0
Number of asset objects unloaded after import = 2
========================================================================
Received Import Request.
  Time since last request: 0.237807 seconds.
  path: Assets/russian_buildings/textures/rus_build_16.png
  artifactKey: Guid(dede1148035556a438cfe45a35cdd01c) Importer(815301076,1909f56bfc062723c751e8b465ee728b)
Start importing Assets/russian_buildings/textures/rus_build_16.png using Guid(dede1148035556a438cfe45a35cdd01c) Importer(815301076,1909f56bfc062723c751e8b465ee728b)  -> (artifact id: 'ae462f898a68f79df9373e32e140cde4') in 0.026270 seconds
Number of updated asset objects reloaded before import = 0
Number of asset objects unloaded after import = 2
========================================================================
Received Import Request.
  Time since last request: 0.013461 seconds.
  path: Assets/russian_buildings/textures/rus_build_LOD_01.png
  artifactKey: Guid(027ee668c37651046b8fcc1de158d11b) Importer(815301076,1909f56bfc062723c751e8b465ee728b)
Start importing Assets/russian_buildings/textures/rus_build_LOD_01.png using Guid(027ee668c37651046b8fcc1de158d11b) Importer(815301076,1909f56bfc062723c751e8b465ee728b)  -> (artifact id: '4494a3e98b25908e8d44d9a12bfcfb92') in 0.027264 seconds
Number of updated asset objects reloaded before import = 0
Number of asset objects unloaded after import = 2
========================================================================
Received Import Request.
  Time since last request: 0.000018 seconds.
  path: Assets/russian_buildings/textures/rus_build_LOD_03.png
  artifactKey: Guid(efce089419136f94492f8f54bf755a5c) Importer(815301076,1909f56bfc062723c751e8b465ee728b)
Start importing Assets/russian_buildings/textures/rus_build_LOD_03.png using Guid(efce089419136f94492f8f54bf755a5c) Importer(815301076,1909f56bfc062723c751e8b465ee728b)  -> (artifact id: 'c94da0b8308c8ec2b1dbe8d94543358f') in 0.024254 seconds
Number of updated asset objects reloaded before import = 0
Number of asset objects unloaded after import = 2
========================================================================
Received Import Request.
  Time since last request: 0.224985 seconds.
  path: Assets/Junkyard models/Scenes/Models/Sign.png
  artifactKey: Guid(28ab9dbea9164b7418a8a68c41c139e1) Importer(815301076,1909f56bfc062723c751e8b465ee728b)
Start importing Assets/Junkyard models/Scenes/Models/Sign.png using Guid(28ab9dbea9164b7418a8a68c41c139e1) Importer(815301076,1909f56bfc062723c751e8b465ee728b)  -> (artifact id: '024c95ae7d26c5104157b03751c16a96') in 0.028027 seconds
Number of updated asset objects reloaded before import = 0
Number of asset objects unloaded after import = 2
========================================================================
Received Import Request.
  Time since last request: 0.101465 seconds.
  path: Assets/Protection_suite/Textures/T_Protective suit_AlbedoTransparency.tga
  artifactKey: Guid(f47ecea4787483544934d8b9ef7027c5) Importer(815301076,1909f56bfc062723c751e8b465ee728b)
Start importing Assets/Protection_suite/Textures/T_Protective suit_AlbedoTransparency.tga using Guid(f47ecea4787483544934d8b9ef7027c5) Importer(815301076,1909f56bfc062723c751e8b465ee728b)  -> (artifact id: 'eb4959c5ef3b5bcc4d3c19940113eeed') in 0.068763 seconds
Number of updated asset objects reloaded before import = 0
Number of asset objects unloaded after import = 2
========================================================================
Received Import Request.
  Time since last request: 0.221000 seconds.
  path: Assets/Protection_suite/Textures/T_Protective suit_Normal.tga
  artifactKey: Guid(cb718e633d9298f40911ba1bde634244) Importer(815301076,1909f56bfc062723c751e8b465ee728b)
Start importing Assets/Protection_suite/Textures/T_Protective suit_Normal.tga using Guid(cb718e633d9298f40911ba1bde634244) Importer(815301076,1909f56bfc062723c751e8b465ee728b)  -> (artifact id: '7e69c4be67e39f408b97619828a8ba33') in 0.059524 seconds
Number of updated asset objects reloaded before import = 0
Number of asset objects unloaded after import = 2
========================================================================
Received Import Request.
  Time since last request: 485.849525 seconds.
  path: Assets/material/Materials/NewLayer 7.terrainlayer
  artifactKey: Guid(cc68608a01c319f43b70f54e30b66a64) Importer(815301076,1909f56bfc062723c751e8b465ee728b)
Start importing Assets/material/Materials/NewLayer 7.terrainlayer using Guid(cc68608a01c319f43b70f54e30b66a64) Importer(815301076,1909f56bfc062723c751e8b465ee728b)  -> (artifact id: '66e764bbd6654b011ba48d31dbe82dbd') in 0.022864 seconds
Number of updated asset objects reloaded before import = 0
Number of asset objects unloaded after import = 2
========================================================================
Received Import Request.
  Time since last request: 11.011561 seconds.
  path: Assets/Aligned Games/Polygonal Modern Weapons Collection 1 Asset Package/Models/Melee/Axes/Axe1/axe_1.prefab
  artifactKey: Guid(e744fd25fcbd93940b6e31c65992e56a) Importer(815301076,1909f56bfc062723c751e8b465ee728b)
Start importing Assets/Aligned Games/Polygonal Modern Weapons Collection 1 Asset Package/Models/Melee/Axes/Axe1/axe_1.prefab using Guid(e744fd25fcbd93940b6e31c65992e56a) Importer(815301076,1909f56bfc062723c751e8b465ee728b)  -> (artifact id: '1979ca39ff65a2ce6b8e6d699a7536cd') in 0.075235 seconds
Number of updated asset objects reloaded before import = 0
Number of asset objects unloaded after import = 10
========================================================================
Received Import Request.
  Time since last request: 0.000022 seconds.
  path: Assets/laxer tree pkg/Mobile/baum ld1 mobile.prefab
  artifactKey: Guid(23062208c1e1ace4d9e5270be8b68dcb) Importer(815301076,1909f56bfc062723c751e8b465ee728b)
Start importing Assets/laxer tree pkg/Mobile/baum ld1 mobile.prefab using Guid(23062208c1e1ace4d9e5270be8b68dcb) Importer(815301076,1909f56bfc062723c751e8b465ee728b)  -> (artifact id: '1291ca466fd7d669d8ea2391441c3d52') in 0.053460 seconds
Number of updated asset objects reloaded before import = 0
Number of asset objects unloaded after import = 11
========================================================================
Received Import Request.
  Time since last request: 0.000027 seconds.
  path: Assets/laxer tree pkg/Mobile/Normal Edited/baum ld1(enhanced).prefab
  artifactKey: Guid(3176aeb440566664ab0bd513a6a46280) Importer(815301076,1909f56bfc062723c751e8b465ee728b)
Start importing Assets/laxer tree pkg/Mobile/Normal Edited/baum ld1(enhanced).prefab using Guid(3176aeb440566664ab0bd513a6a46280) Importer(815301076,1909f56bfc062723c751e8b465ee728b)  -> (artifact id: '62e4fe8e0b40aae35d0424dfd541c3a0') in 0.150820 seconds
Number of updated asset objects reloaded before import = 0
Number of asset objects unloaded after import = 11
========================================================================
Received Import Request.
  Time since last request: 0.000022 seconds.
  path: Assets/laxer tree pkg/Ambient-Occlusion/baum ld1.prefab
  artifactKey: Guid(6b4b29e49f76c9f46b7f3594d299d8d9) Importer(815301076,1909f56bfc062723c751e8b465ee728b)
Start importing Assets/laxer tree pkg/Ambient-Occlusion/baum ld1.prefab using Guid(6b4b29e49f76c9f46b7f3594d299d8d9) Importer(815301076,1909f56bfc062723c751e8b465ee728b)  -> (artifact id: 'f6fa1a48696d14f46e8b6ece9c1ba66f') in 0.233335 seconds
Number of updated asset objects reloaded before import = 0
Number of asset objects unloaded after import = 12
========================================================================
Received Import Request.
  Time since last request: 0.000030 seconds.
  path: Assets/laxer tree pkg/Mobile/baum ld0 mobile.prefab
  artifactKey: Guid(d7ebb2b5789a2be45b7bd26b3b9d50aa) Importer(815301076,1909f56bfc062723c751e8b465ee728b)
Start importing Assets/laxer tree pkg/Mobile/baum ld0 mobile.prefab using Guid(d7ebb2b5789a2be45b7bd26b3b9d50aa) Importer(815301076,1909f56bfc062723c751e8b465ee728b)  -> (artifact id: 'e83deb78130beca120be893356be139e') in 0.015712 seconds
Number of updated asset objects reloaded before import = 0
Number of asset objects unloaded after import = 11
========================================================================
Received Import Request.
  Time since last request: 1.143621 seconds.
  path: Assets/laxer tree pkg/Ambient-Occlusion/baum ld2.prefab
  artifactKey: Guid(011ca9ca00b21594c8a16ee78d6a8c7c) Importer(815301076,1909f56bfc062723c751e8b465ee728b)
Start importing Assets/laxer tree pkg/Ambient-Occlusion/baum ld2.prefab using Guid(011ca9ca00b21594c8a16ee78d6a8c7c) Importer(815301076,1909f56bfc062723c751e8b465ee728b)  -> (artifact id: 'c4ad7db76af60e5d5abc206309421307') in 0.017377 seconds
Number of updated asset objects reloaded before import = 0
Number of asset objects unloaded after import = 12
========================================================================
Received Import Request.
  Time since last request: 0.000023 seconds.
  path: Assets/laxer tree pkg/Mobile/Normal Edited/baum ld2(enhanced).prefab
  artifactKey: Guid(3217b1ce4679df94f8c9cd33e8990c0b) Importer(815301076,1909f56bfc062723c751e8b465ee728b)
Start importing Assets/laxer tree pkg/Mobile/Normal Edited/baum ld2(enhanced).prefab using Guid(3217b1ce4679df94f8c9cd33e8990c0b) Importer(815301076,1909f56bfc062723c751e8b465ee728b)  -> (artifact id: '9ff206759c299d0415d1c700bd93a9a4') in 0.017545 seconds
Number of updated asset objects reloaded before import = 0
Number of asset objects unloaded after import = 11
Editor requested this worker to shutdown with reason: Scaling down because of idle timeout
TcpMessagingSession - receive error: operation aborted. errorcode: 995, details: ќпераци€ ввода/вывода была прервана из-за завершени€ потока команд или по запросу приложени€.
AssetImportWorker is now disconnected from the server
Process exiting
Exiting without the bug reporter. Application will terminate with return code 0