Using pre-set license
Built from '2022.3/staging' branch; Version is '2022.3.7f1 (b16b3b16c7a0) revision 11627323'; Using compiler version '192829333'; Build Type 'Release'
OS: 'Windows 10  (10.0.19045) 64bit Professional' Language: 'ru' Physical Memory: 16225 MB
BatchMode: 1, IsHumanControllingUs: 0, StartBugReporterOnCrash: 0, Is64bit: 1, IsPro: 1

COMMAND LINE ARGUMENTS:
C:\Program Files\Unity\Hub\Editor\2022.3.7f1\Editor\Unity.exe
-adb2
-batchMode
-noUpm
-name
AssetImportWorker1
-projectPath
D:/BSA
-logFile
Logs/AssetImportWorker1.log
-srvPort
50004
Successfully changed project path to: D:/BSA
D:/BSA
[UnityMemory] Configuration Parameters - Can be set up in boot.config
    "memorysetup-bucket-allocator-granularity=16"
    "memorysetup-bucket-allocator-bucket-count=8"
    "memorysetup-bucket-allocator-block-size=33554432"
    "memorysetup-bucket-allocator-block-count=8"
    "memorysetup-main-allocator-block-size=16777216"
    "memorysetup-thread-allocator-block-size=16777216"
    "memorysetup-gfx-main-allocator-block-size=16777216"
    "memorysetup-gfx-thread-allocator-block-size=16777216"
    "memorysetup-cache-allocator-block-size=4194304"
    "memorysetup-typetree-allocator-block-size=2097152"
    "memorysetup-profiler-bucket-allocator-granularity=16"
    "memorysetup-profiler-bucket-allocator-bucket-count=8"
    "memorysetup-profiler-bucket-allocator-block-size=33554432"
    "memorysetup-profiler-bucket-allocator-block-count=8"
    "memorysetup-profiler-allocator-block-size=16777216"
    "memorysetup-profiler-editor-allocator-block-size=1048576"
    "memorysetup-temp-allocator-size-main=16777216"
    "memorysetup-job-temp-allocator-block-size=2097152"
    "memorysetup-job-temp-allocator-block-size-background=1048576"
    "memorysetup-job-temp-allocator-reduction-small-platforms=262144"
    "memorysetup-allocator-temp-initial-block-size-main=262144"
    "memorysetup-allocator-temp-initial-block-size-worker=262144"
    "memorysetup-temp-allocator-size-background-worker=32768"
    "memorysetup-temp-allocator-size-job-worker=262144"
    "memorysetup-temp-allocator-size-preload-manager=33554432"
    "memorysetup-temp-allocator-size-nav-mesh-worker=65536"
    "memorysetup-temp-allocator-size-audio-worker=65536"
    "memorysetup-temp-allocator-size-cloud-worker=32768"
    "memorysetup-temp-allocator-size-gi-baking-worker=262144"
    "memorysetup-temp-allocator-size-gfx=262144"
Player connection [21780] Host "[IP] 192.168.0.11 [Port] 0 [Flags] 2 [Guid] 652983765 [EditorId] 652983765 [Version] 1048832 [Id] WindowsEditor(7,DESKTOP-DBLQJ5R) [Debug] 1 [PackageName] WindowsEditor [ProjectName] Editor" joined multi-casting on [225.0.0.222:54997]...

Player connection [21780] Host "[IP] 192.168.0.11 [Port] 0 [Flags] 2 [Guid] 652983765 [EditorId] 652983765 [Version] 1048832 [Id] WindowsEditor(7,DESKTOP-DBLQJ5R) [Debug] 1 [PackageName] WindowsEditor [ProjectName] Editor" joined alternative multi-casting on [225.0.0.222:34997]...

Refreshing native plugins compatible for Editor in 102.82 ms, found 3 plugins.
Preloading 0 native plugins for Editor in 0.00 ms.
Initialize engine version: 2022.3.7f1 (b16b3b16c7a0)
[Subsystems] Discovering subsystems at path C:/Program Files/Unity/Hub/Editor/2022.3.7f1/Editor/Data/Resources/UnitySubsystems
[Subsystems] Discovering subsystems at path D:/BSA/Assets
GfxDevice: creating device client; threaded=0; jobified=0
Direct3D:
    Version:  Direct3D 11.0 [level 11.1]
    Renderer: NVIDIA GeForce GTX 1050 Ti (ID=0x1c82)
    Vendor:   NVIDIA
    VRAM:     4017 MB
    Driver:   31.0.15.4665
Initialize mono
Mono path[0] = 'C:/Program Files/Unity/Hub/Editor/2022.3.7f1/Editor/Data/Managed'
Mono path[1] = 'C:/Program Files/Unity/Hub/Editor/2022.3.7f1/Editor/Data/MonoBleedingEdge/lib/mono/unityjit-win32'
Mono config path = 'C:/Program Files/Unity/Hub/Editor/2022.3.7f1/Editor/Data/MonoBleedingEdge/etc'
Using monoOptions --debugger-agent=transport=dt_socket,embedding=1,server=y,suspend=n,address=127.0.0.1:56776
Begin MonoManager ReloadAssembly
Registering precompiled unity dll's ...
Register platform support module: C:/Program Files/Unity/Hub/Editor/2022.3.7f1/Editor/Data/PlaybackEngines/WebGLSupport/UnityEditor.WebGL.Extensions.dll
Register platform support module: C:/Program Files/Unity/Hub/Editor/2022.3.7f1/Editor/Data/PlaybackEngines/AndroidPlayer/UnityEditor.Android.Extensions.dll
Register platform support module: C:/Program Files/Unity/Hub/Editor/2022.3.7f1/Editor/Data/PlaybackEngines/iOSSupport/UnityEditor.iOS.Extensions.dll
Register platform support module: C:/Program Files/Unity/Hub/Editor/2022.3.7f1/Editor/Data/PlaybackEngines/WindowsStandaloneSupport/UnityEditor.WindowsStandalone.Extensions.dll
Registered in 0.023451 seconds.
- Loaded All Assemblies, in  0.575 seconds
Native extension for WindowsStandalone target not found
[usbmuxd] Start listen thread
[usbmuxd] Listen thread started
[usbmuxd] Send listen message
Native extension for iOS target not found
Native extension for Android target not found
Android Extension - Scanning For ADB Devices 298 ms
Native extension for WebGL target not found
Mono: successfully reloaded assembly
- Finished resetting the current domain, in  0.804 seconds
Domain Reload Profiling: 1375ms
	BeginReloadAssembly (166ms)
		ExecutionOrderSort (0ms)
		DisableScriptedObjects (0ms)
		BackupInstance (0ms)
		ReleaseScriptingObjects (0ms)
		CreateAndSetChildDomain (1ms)
	RebuildCommonClasses (52ms)
	RebuildNativeTypeToScriptingClass (18ms)
	initialDomainReloadingComplete (106ms)
	LoadAllAssembliesAndSetupDomain (228ms)
		LoadAssemblies (164ms)
		RebuildTransferFunctionScriptingTraits (0ms)
		AnalyzeDomain (223ms)
			TypeCache.Refresh (221ms)
				TypeCache.ScanAssembly (200ms)
			ScanForSourceGeneratedMonoScriptInfo (1ms)
			ResolveRequiredComponents (1ms)
	FinalizeReload (804ms)
		ReleaseScriptCaches (0ms)
		RebuildScriptCaches (0ms)
		SetupLoadedEditorAssemblies (715ms)
			LogAssemblyErrors (0ms)
			InitializePlatformSupportModulesInManaged (482ms)
			SetLoadedEditorAssemblies (6ms)
			RefreshPlugins (0ms)
			BeforeProcessingInitializeOnLoad (3ms)
			ProcessInitializeOnLoadAttributes (153ms)
			ProcessInitializeOnLoadMethodAttributes (71ms)
			AfterProcessingInitializeOnLoad (0ms)
			EditorAssembliesLoaded (0ms)
		ExecutionOrderSort2 (0ms)
		AwakeInstancesAfterBackupRestoration (0ms)
========================================================================
Worker process is ready to serve import requests
Begin MonoManager ReloadAssembly
Symbol file LoadedFromMemory doesn't match image D:\BSA\Library\PackageCache\com.unity.visualscripting@1.8.0\Editor\VisualScripting.Core\Dependencies\YamlDotNet\Unity.VisualScripting.YamlDotNet.dll
Symbol file LoadedFromMemory doesn't match image D:\BSA\Library\PackageCache\com.unity.visualscripting@1.8.0\Editor\VisualScripting.Core\Dependencies\DotNetZip\Unity.VisualScripting.IonicZip.dll
- Loaded All Assemblies, in  0.979 seconds
Refreshing native plugins compatible for Editor in 4.86 ms, found 3 plugins.
Native extension for WindowsStandalone target not found
Native extension for iOS target not found
Native extension for Android target not found
Native extension for WebGL target not found
Package Manager log level set to [2]
[Package Manager] Server::EnsureServerProcessIsRunning -- launch failed, reason: Unity was launched with the -noUpm command-line argument
[Package Manager] UpmClient::Send -- Unable to send message (not connected to UPM process).
[Package Manager] Cannot connect to Unity Package Manager local server
Mono: successfully reloaded assembly
- Finished resetting the current domain, in  0.930 seconds
Domain Reload Profiling: 1907ms
	BeginReloadAssembly (220ms)
		ExecutionOrderSort (0ms)
		DisableScriptedObjects (9ms)
		BackupInstance (0ms)
		ReleaseScriptingObjects (0ms)
		CreateAndSetChildDomain (28ms)
	RebuildCommonClasses (52ms)
	RebuildNativeTypeToScriptingClass (18ms)
	initialDomainReloadingComplete (65ms)
	LoadAllAssembliesAndSetupDomain (621ms)
		LoadAssemblies (437ms)
		RebuildTransferFunctionScriptingTraits (0ms)
		AnalyzeDomain (312ms)
			TypeCache.Refresh (272ms)
				TypeCache.ScanAssembly (244ms)
			ScanForSourceGeneratedMonoScriptInfo (29ms)
			ResolveRequiredComponents (10ms)
	FinalizeReload (931ms)
		ReleaseScriptCaches (0ms)
		RebuildScriptCaches (0ms)
		SetupLoadedEditorAssemblies (689ms)
			LogAssemblyErrors (0ms)
			InitializePlatformSupportModulesInManaged (57ms)
			SetLoadedEditorAssemblies (5ms)
			RefreshPlugins (0ms)
			BeforeProcessingInitializeOnLoad (98ms)
			ProcessInitializeOnLoadAttributes (487ms)
			ProcessInitializeOnLoadMethodAttributes (28ms)
			AfterProcessingInitializeOnLoad (12ms)
			EditorAssembliesLoaded (0ms)
		ExecutionOrderSort2 (0ms)
		AwakeInstancesAfterBackupRestoration (8ms)
Launched and connected shader compiler UnityShaderCompiler.exe after 0.04 seconds
Refreshing native plugins compatible for Editor in 4.79 ms, found 3 plugins.
Preloading 0 native plugins for Editor in 0.00 ms.
Unloading 3850 Unused Serialized files (Serialized files now loaded: 0)
Unloading 64 unused Assets / (184.3 KB). Loaded Objects now: 4327.
Memory consumption went from 161.2 MB to 161.1 MB.
Total: 4.629700 ms (FindLiveObjects: 0.423500 ms CreateObjectMapping: 0.255400 ms MarkObjects: 3.721900 ms  DeleteObjects: 0.228000 ms)

AssetImportParameters requested are different than current active one (requested -> active):
  custom:container-demuxer-ogg: 62fdf1f143b41e24485cea50d1cbac27 -> 
  custom:video-decoder-ogg-theora: a1e56fd34408186e4bbccfd4996cb3dc -> 
  custom:framework-win-MediaFoundation: 216162199b28c13a410421893ffa2e32 -> 
  custom:CustomObjectIndexerAttribute: 756ad292c208cfabdd7b50bc23989ffe -> 
  custom:container-demuxer-webm: 4f35f7cbe854078d1ac9338744f61a02 -> 
  custom:container-muxer-webm: aa71ff27fc2769a1b78a27578f13a17b -> 
  custom:video-decoder-webm-vp8: 9c59270c3fd7afecdb556c50c9e8de78 -> 
  custom:SearchIndexIgnoredProperties: e643bd26f0fe6173181afceb89e7c659 -> 
  custom:AudioImporter_EditorPlatform: d09bf68614088b80899f8185d706f6e7 -> 
  custom:video-encoder-webm-vp8: eb34c28f22e8b96e1ab97ce403110664 -> 
  custom:audio-decoder-ogg-vorbis: bf7c407c2cedff20999df2af8eb42d56 -> 
  custom:audio-encoder-webm-vorbis: bf7c407c2cedff20999df2af8eb42d56 -> 
========================================================================
Received Import Request.
  Time since last request: 653.825025 seconds.
  path: Assets/New Terrain.asset
  artifactKey: Guid(4711341e0bc0e8f4f8001580ce642e97) Importer(815301076,1909f56bfc062723c751e8b465ee728b)
Start importing Assets/New Terrain.asset using Guid(4711341e0bc0e8f4f8001580ce642e97) Importer(815301076,1909f56bfc062723c751e8b465ee728b)  -> (artifact id: 'c91435ade97253aaeb812ac48769e7d6') in 0.102598 seconds
Number of updated asset objects reloaded before import = 0
Number of asset objects unloaded after import = 4
========================================================================
Received Import Request.
  Time since last request: 0.000031 seconds.
  path: Assets/Medieval_boxes_free/Small_box.FBX
  artifactKey: Guid(48fd0d285dad2c14c9c4b7a115c029d1) Importer(815301076,1909f56bfc062723c751e8b465ee728b)
Start importing Assets/Medieval_boxes_free/Small_box.FBX using Guid(48fd0d285dad2c14c9c4b7a115c029d1) Importer(815301076,1909f56bfc062723c751e8b465ee728b)  -> (artifact id: 'e8dda3246473b7c2d964165f47beff7c') in 0.169344 seconds
Number of updated asset objects reloaded before import = 0
Number of asset objects unloaded after import = 19
========================================================================
Received Import Request.
  Time since last request: 0.179071 seconds.
  path: Assets/Medieval_boxes_free/Textures/Boxes_normals.tif
  artifactKey: Guid(7447309d0c62aad4c80d812d25599e5f) Importer(815301076,1909f56bfc062723c751e8b465ee728b)
Start importing Assets/Medieval_boxes_free/Textures/Boxes_normals.tif using Guid(7447309d0c62aad4c80d812d25599e5f) Importer(815301076,1909f56bfc062723c751e8b465ee728b)  -> (artifact id: '62b322bb63dd3a4c4b65538b13c94a75') in 0.034790 seconds
Number of updated asset objects reloaded before import = 0
Number of asset objects unloaded after import = 2
========================================================================
Received Import Request.
  Time since last request: 0.000018 seconds.
  path: Assets/Medieval_boxes_free/Textures/Boxes_Specular.tif
  artifactKey: Guid(e2ced99acf21b634bb0bc484cf42745b) Importer(815301076,1909f56bfc062723c751e8b465ee728b)
Start importing Assets/Medieval_boxes_free/Textures/Boxes_Specular.tif using Guid(e2ced99acf21b634bb0bc484cf42745b) Importer(815301076,1909f56bfc062723c751e8b465ee728b)  -> (artifact id: '38ef9020181c5e1005d360e2720212d9') in 0.027037 seconds
Number of updated asset objects reloaded before import = 0
Number of asset objects unloaded after import = 2
========================================================================
Received Import Request.
  Time since last request: 18.344529 seconds.
  path: Assets/Junkyard models/Models/Bench/Bench.png
  artifactKey: Guid(c019708ab086ac04d9e06e97bedd2f77) Importer(815301076,1909f56bfc062723c751e8b465ee728b)
Start importing Assets/Junkyard models/Models/Bench/Bench.png using Guid(c019708ab086ac04d9e06e97bedd2f77) Importer(815301076,1909f56bfc062723c751e8b465ee728b)  -> (artifact id: '69dd3e3f544016dd9ffbe69aba5cee98') in 0.025323 seconds
Number of updated asset objects reloaded before import = 0
Number of asset objects unloaded after import = 2
========================================================================
Received Import Request.
  Time since last request: 5.823309 seconds.
  path: Assets/Junkyard models/Models/Bus/Bus.png
  artifactKey: Guid(8c27d6c2812c28442a8c9ab68d454055) Importer(815301076,1909f56bfc062723c751e8b465ee728b)
Start importing Assets/Junkyard models/Models/Bus/Bus.png using Guid(8c27d6c2812c28442a8c9ab68d454055) Importer(815301076,1909f56bfc062723c751e8b465ee728b)  -> (artifact id: '107dda22ffdb8f6d0e373cc290fee852') in 0.023747 seconds
Number of updated asset objects reloaded before import = 0
Number of asset objects unloaded after import = 2
========================================================================
Received Import Request.
  Time since last request: 11.454864 seconds.
  path: Assets/Junkyard models/Models/Cart/Cart.png
  artifactKey: Guid(7a218584ef2beb94396be561ec6cb673) Importer(815301076,1909f56bfc062723c751e8b465ee728b)
Start importing Assets/Junkyard models/Models/Cart/Cart.png using Guid(7a218584ef2beb94396be561ec6cb673) Importer(815301076,1909f56bfc062723c751e8b465ee728b)  -> (artifact id: '10dfc6db304658c8b22c1da096bee3a3') in 0.024893 seconds
Number of updated asset objects reloaded before import = 0
Number of asset objects unloaded after import = 2
========================================================================
Received Import Request.
  Time since last request: 10.438153 seconds.
  path: Assets/Junkyard models/Models/Electric/Electric00.png
  artifactKey: Guid(bb78f2c537c8d7243b8dbe25861521e8) Importer(815301076,1909f56bfc062723c751e8b465ee728b)
Start importing Assets/Junkyard models/Models/Electric/Electric00.png using Guid(bb78f2c537c8d7243b8dbe25861521e8) Importer(815301076,1909f56bfc062723c751e8b465ee728b)  -> (artifact id: 'a02f61f1c37ded0d73e7b81163b078c0') in 0.028916 seconds
Number of updated asset objects reloaded before import = 0
Number of asset objects unloaded after import = 2
========================================================================
Received Import Request.
  Time since last request: 0.000022 seconds.
  path: Assets/Junkyard models/Models/Electric/Electric02.png
  artifactKey: Guid(a5f861a6fb633c84089b6df7bbbd32c3) Importer(815301076,1909f56bfc062723c751e8b465ee728b)
Start importing Assets/Junkyard models/Models/Electric/Electric02.png using Guid(a5f861a6fb633c84089b6df7bbbd32c3) Importer(815301076,1909f56bfc062723c751e8b465ee728b)  -> (artifact id: '173234303b5ea30353c09d9bf5646b4f') in 0.025325 seconds
Number of updated asset objects reloaded before import = 0
Number of asset objects unloaded after import = 2
========================================================================
Received Import Request.
  Time since last request: 0.000035 seconds.
  path: Assets/Junkyard models/Models/Electric/Electric03.obj
  artifactKey: Guid(69127c81c3fbd1b4381e245b1b5f434f) Importer(815301076,1909f56bfc062723c751e8b465ee728b)
Start importing Assets/Junkyard models/Models/Electric/Electric03.obj using Guid(69127c81c3fbd1b4381e245b1b5f434f) Importer(815301076,1909f56bfc062723c751e8b465ee728b)  -> (artifact id: 'e28b10b5d457f9c4894c8e0e0ef91ea5') in 0.026904 seconds
Number of updated asset objects reloaded before import = 0
Number of asset objects unloaded after import = 13
========================================================================
Received Import Request.
  Time since last request: 0.000019 seconds.
  path: Assets/Junkyard models/Models/Electric/Electric01.obj
  artifactKey: Guid(f9a168d4eac5b6041851d989494d02da) Importer(815301076,1909f56bfc062723c751e8b465ee728b)
Start importing Assets/Junkyard models/Models/Electric/Electric01.obj using Guid(f9a168d4eac5b6041851d989494d02da) Importer(815301076,1909f56bfc062723c751e8b465ee728b)  -> (artifact id: '9cb3d96dc3098e09a0fee9ee72e044e8') in 0.024730 seconds
Number of updated asset objects reloaded before import = 0
Number of asset objects unloaded after import = 13
========================================================================
Received Import Request.
  Time since last request: 17.216116 seconds.
  path: Assets/Junkyard models/Models/Locker/Locker1.obj
  artifactKey: Guid(7b588d47215c10740bc4d5913633d62b) Importer(815301076,1909f56bfc062723c751e8b465ee728b)
Start importing Assets/Junkyard models/Models/Locker/Locker1.obj using Guid(7b588d47215c10740bc4d5913633d62b) Importer(815301076,1909f56bfc062723c751e8b465ee728b)  -> (artifact id: 'e818b6e0004781c383ea753e60897aa8') in 0.024299 seconds
Number of updated asset objects reloaded before import = 0
Number of asset objects unloaded after import = 13
========================================================================
Received Import Request.
  Time since last request: 5.590301 seconds.
  path: Assets/Junkyard models/Models/Pallet/PalletBoxes.fbx
  artifactKey: Guid(310cbc23a1bc7b74ab72a484a2800e5e) Importer(815301076,1909f56bfc062723c751e8b465ee728b)
Start importing Assets/Junkyard models/Models/Pallet/PalletBoxes.fbx using Guid(310cbc23a1bc7b74ab72a484a2800e5e) Importer(815301076,1909f56bfc062723c751e8b465ee728b)  -> (artifact id: '2572fd73827a3935b29d44e7af278927') in 0.025707 seconds
Number of updated asset objects reloaded before import = 0
Number of asset objects unloaded after import = 13
========================================================================
Received Import Request.
  Time since last request: 0.000020 seconds.
  path: Assets/Junkyard models/Models/Pallet/PalletBricks.fbx
  artifactKey: Guid(f1c46e283923d3b4ca79c5661c5277f6) Importer(815301076,1909f56bfc062723c751e8b465ee728b)
Start importing Assets/Junkyard models/Models/Pallet/PalletBricks.fbx using Guid(f1c46e283923d3b4ca79c5661c5277f6) Importer(815301076,1909f56bfc062723c751e8b465ee728b)  -> (artifact id: '3313b264ab3a6397149727ce68caea8f') in 0.021265 seconds
Number of updated asset objects reloaded before import = 0
Number of asset objects unloaded after import = 13
========================================================================
Received Import Request.
  Time since last request: 22.910780 seconds.
  path: Assets/Junkyard models/Models/Part/Part01.obj
  artifactKey: Guid(ff3b095851e7d9345bd9357a4bb8e486) Importer(815301076,1909f56bfc062723c751e8b465ee728b)
Start importing Assets/Junkyard models/Models/Part/Part01.obj using Guid(ff3b095851e7d9345bd9357a4bb8e486) Importer(815301076,1909f56bfc062723c751e8b465ee728b)  -> (artifact id: 'b0f1becb73616e775baf043345fd363e') in 0.026077 seconds
Number of updated asset objects reloaded before import = 0
Number of asset objects unloaded after import = 13
========================================================================
Received Import Request.
  Time since last request: 3.212600 seconds.
  path: Assets/Junkyard models/Models/Plane/Plane1.obj
  artifactKey: Guid(b1766c5263fa4eb4ab0661bea258d7b8) Importer(815301076,1909f56bfc062723c751e8b465ee728b)
Start importing Assets/Junkyard models/Models/Plane/Plane1.obj using Guid(b1766c5263fa4eb4ab0661bea258d7b8) Importer(815301076,1909f56bfc062723c751e8b465ee728b)  -> (artifact id: 'c540c24eb20a8bca5df75bcc37816bcc') in 0.108461 seconds
Number of updated asset objects reloaded before import = 0
Number of asset objects unloaded after import = 13
========================================================================
Received Import Request.
  Time since last request: 24.593398 seconds.
  path: Assets/Junkyard models/Models/Rack/Rack1.obj
  artifactKey: Guid(7ec1c342e5a0c31458aa3915e580d58b) Importer(815301076,1909f56bfc062723c751e8b465ee728b)
Start importing Assets/Junkyard models/Models/Rack/Rack1.obj using Guid(7ec1c342e5a0c31458aa3915e580d58b) Importer(815301076,1909f56bfc062723c751e8b465ee728b)  -> (artifact id: '4f9b633e11030a821bc185c7244c0935') in 0.026071 seconds
Number of updated asset objects reloaded before import = 0
Number of asset objects unloaded after import = 13
Editor requested this worker to shutdown with reason: Scaling down because of idle timeout
TcpMessagingSession - receive error: operation aborted. errorcode: 995, details: ќпераци€ ввода/вывода была прервана из-за завершени€ потока команд или по запросу приложени€.
AssetImportWorker is now disconnected from the server
Process exiting
Exiting without the bug reporter. Application will terminate with return code 0